{"/Applications/NamAnh/OwnerProject/vue-vite-app/src/components/base/Input/index.vue": {"path":"/Applications/NamAnh/OwnerProject/vue-vite-app/src/components/base/Input/index.vue","statementMap":{"0":{"start":{"line":3,"column":0},"end":{"line":5,"column":3}},"1":{"start":{"line":6,"column":12},"end":{"line":6,"column":26}},"2":{"start":{"line":7,"column":0},"end":{"line":7,"column":24}},"3":{"start":{"line":8,"column":0},"end":{"line":27,"column":3}},"4":{"start":{"line":18,"column":15},"end":{"line":18,"column":22}},"5":{"start":{"line":19,"column":22},"end":{"line":22,"column":5}},"6":{"start":{"line":20,"column":19},"end":{"line":20,"column":31}},"7":{"start":{"line":21,"column":6},"end":{"line":21,"column":41}},"8":{"start":{"line":23,"column":4},"end":{"line":25,"column":6}},"9":{"start":{"line":28,"column":0},"end":{"line":28,"column":13}},"10":{"start":{"line":29,"column":0},"end":{"line":29,"column":62}},"11":{"start":{"line":30,"column":0},"end":{"line":30,"column":24}},"12":{"start":{"line":31,"column":12},"end":{"line":31,"column":26}},"13":{"start":{"line":32,"column":17},"end":{"line":32,"column":26}},"14":{"start":{"line":34,"column":4},"end":{"line":37,"column":58}},"15":{"start":{"line":36,"column":63},"end":{"line":36,"column":97}},"16":{"start":{"line":39,"column":1},"end":{"line":39,"column":48}}},"fnMap":{"0":{"name":"(anonymous_0)","decl":{"start":{"line":17,"column":9},"end":{"line":17,"column":10}},"loc":{"start":{"line":17,"column":30},"end":{"line":26,"column":3}},"line":17},"1":{"name":"(anonymous_1)","decl":{"start":{"line":19,"column":22},"end":{"line":19,"column":23}},"loc":{"start":{"line":19,"column":39},"end":{"line":22,"column":5}},"line":19},"2":{"name":"render","decl":{"start":{"line":33,"column":9},"end":{"line":33,"column":15}},"loc":{"start":{"line":33,"column":30},"end":{"line":38,"column":1}},"line":33},"3":{"name":"(anonymous_3)","decl":{"start":{"line":36,"column":43},"end":{"line":36,"column":44}},"loc":{"start":{"line":36,"column":61},"end":{"line":36,"column":99}},"line":36}},"branchMap":{"0":{"loc":{"start":{"line":36,"column":17},"end":{"line":36,"column":100}},"type":"binary-expr","locations":[{"start":{"line":36,"column":17},"end":{"line":36,"column":26}},{"start":{"line":36,"column":31},"end":{"line":36,"column":99}}],"line":36}},"s":{"0":1,"1":1,"2":1,"3":1,"4":2,"5":2,"6":1,"7":1,"8":2,"9":1,"10":1,"11":1,"12":1,"13":1,"14":2,"15":1,"16":1},"f":{"0":2,"1":1,"2":2,"3":1},"b":{"0":[2,2]},"inputSourceMap":{"0":"{","1":"\"","2":"v","3":"e","4":"r","5":"s","6":"i","7":"o","8":"n","9":"\"","10":":","11":"3","12":",","13":"\"","14":"s","15":"o","16":"u","17":"r","18":"c","19":"e","20":"s","21":"\"","22":":","23":"[","24":"\"","25":"/","26":"A","27":"p","28":"p","29":"l","30":"i","31":"c","32":"a","33":"t","34":"i","35":"o","36":"n","37":"s","38":"/","39":"N","40":"a","41":"m","42":"A","43":"n","44":"h","45":"/","46":"O","47":"w","48":"n","49":"e","50":"r","51":"P","52":"r","53":"o","54":"j","55":"e","56":"c","57":"t","58":"/","59":"v","60":"u","61":"e","62":"-","63":"v","64":"i","65":"t","66":"e","67":"-","68":"a","69":"p","70":"p","71":"/","72":"s","73":"r","74":"c","75":"/","76":"c","77":"o","78":"m","79":"p","80":"o","81":"n","82":"e","83":"n","84":"t","85":"s","86":"/","87":"b","88":"a","89":"s","90":"e","91":"/","92":"I","93":"n","94":"p","95":"u","96":"t","97":"/","98":"i","99":"n","100":"d","101":"e","102":"x","103":".","104":"v","105":"u","106":"e","107":"\"","108":"]","109":",","110":"\"","111":"n","112":"a","113":"m","114":"e","115":"s","116":"\"","117":":","118":"[","119":"]","120":",","121":"\"","122":"m","123":"a","124":"p","125":"p","126":"i","127":"n","128":"g","129":"s","130":"\"","131":":","132":"\"","133":";","134":";","135":"A","136":"A","137":"K","138":"A","139":",","140":"M","141":"A","142":"A","143":"M","144":",","145":"C","146":"A","147":"A","148":"C","149":",","150":"c","151":"A","152":"A","153":"c","154":",","155":"C","156":"A","157":"A","158":"C","159":",","160":"O","161":"A","162":"A","163":"O","164":",","165":"E","166":"A","167":"A","168":"E","169":",","170":"Y","171":"A","172":"A","173":"Y","174":",","175":"E","176":"A","177":"A","178":"E","179":";","180":"E","181":"A","182":"A","183":"E","184":",","185":"K","186":"A","187":"A","188":"K","189":",","190":"E","191":"A","192":"A","193":"E","194":";","195":"A","196":"A","197":"A","198":"K","199":",","200":"C","201":"A","202":"A","203":"C","204":",","205":"C","206":"A","207":"A","208":"C","209":";","210":"A","211":"A","212":"C","213":"7","214":"D","215":",","216":"I","217":"A","218":"A","219":"I","220":",","221":"K","222":"A","223":"A","224":"K","225":",","226":"G","227":"A","228":"A","229":"G","230":",","231":"O","232":"A","233":"A","234":"O","235":",","236":"C","237":"A","238":"A","239":"C","240":",","241":"K","242":"A","243":"A","244":"K","245":",","246":"C","247":"A","248":"A","249":"C","250":";","251":";","252":"A","253":"A","254":"E","255":"1","256":"B","257":",","258":"O","259":"A","260":"A","261":"O","262":",","263":"C","264":"A","265":"A","266":"C","267":",","268":"O","269":"A","270":"A","271":"O","272":",","273":"G","274":"A","275":"A","276":"G","277":",","278":"C","279":"A","280":"A","281":"C","282":",","283":"C","284":"A","285":"A","286":"C","287":",","288":"E","289":"A","290":"A","291":"E","292":",","293":"K","294":"A","295":"A","296":"K","297":",","298":"C","299":"A","300":"A","301":"C","302":",","303":"e","304":"A","305":"A","306":"e","307":",","308":"E","309":"A","310":"A","311":"E","312":";","313":"E","314":"A","315":"C","316":"z","317":"C","318":",","319":"I","320":"A","321":"A","322":"I","323":",","324":"E","325":"A","326":"A","327":"E","328":",","329":"g","330":"B","331":"A","332":"A","333":"g","334":"B","335":";","336":"E","337":"A","338":"C","339":"t","340":"B","341":",","342":"K","343":"A","344":"A","345":"K","346":",","347":"E","348":"A","349":"A","350":"E","351":";","352":"I","353":"A","354":"C","355":"H","356":",","357":"K","358":"A","359":"A","360":"K","361":",","362":"E","363":"A","364":"A","365":"E","366":";","367":"M","368":"A","369":"C","370":"H","371":",","372":"I","373":"A","374":"A","375":"I","376":",","377":"E","378":"A","379":"A","380":"E","381":",","382":"M","383":"A","384":"A","385":"M","386":";","387":"M","388":"A","389":"C","390":"Z","391":",","392":"O","393":"A","394":"A","395":"O","396":",","397":"E","398":"A","399":"A","400":"E","401":";","402":"I","403":"A","404":"C","405":"b","406":";","407":"E","408":"A","409":"C","410":"J","411":",","412":"C","413":"A","414":"A","415":"C","416":";","417":"E","418":"A","419":"C","420":"D","421":",","422":"K","423":"A","424":"A","425":"K","426":",","427":"E","428":"A","429":"A","430":"E","431":",","432":"C","433":"A","434":"A","435":"C","436":",","437":"c","438":"A","439":"A","440":"c","441":",","442":"C","443":"A","444":"A","445":"C","446":";","447":"E","448":"A","449":"C","450":"v","451":"B","452":",","453":"K","454":"A","455":"A","456":"K","457":",","458":"E","459":"A","460":"A","461":"E","462":",","463":"U","464":"A","465":"A","466":"U","467":",","468":"K","469":"A","470":"A","471":"K","472":",","473":"E","474":"A","475":"A","476":"E","477":",","478":"E","479":"A","480":"A","481":"E","482":",","483":"E","484":"A","485":"A","486":"E","487":";","488":"I","489":"A","490":"C","491":"x","492":"B","493":",","494":"I","495":"A","496":"A","497":"I","498":",","499":"I","500":"A","501":"A","502":"I","503":",","504":"G","505":"A","506":"A","507":"G","508":",","509":"E","510":"A","511":"A","512":"E","513":",","514":"C","515":"A","516":"A","517":"C","518":",","519":"I","520":"A","521":"A","522":"I","523":";","524":"I","525":"A","526":"C","527":"l","528":"B","529":",","530":"I","531":"A","532":"A","533":"I","534":",","535":"W","536":"A","537":"A","538":"W","539":",","540":"G","541":"A","542":"A","543":"G","544":",","545":"U","546":"A","547":"A","548":"U","549":",","550":"K","551":"A","552":"A","553":"K","554":",","555":"E","556":"A","557":"A","558":"E","559":";","560":"M","561":"A","562":"C","563":"/","564":"B","565":",","566":"I","567":"A","568":"A","569":"I","570":",","571":"M","572":"A","573":"A","574":"M","575":",","576":"G","577":"A","578":"A","579":"G","580":",","581":"K","582":"A","583":"A","584":"K","585":",","586":"C","587":"A","588":"A","589":"C","590":",","591":"M","592":"A","593":"A","594":"M","595":";","596":"M","597":"A","598":"C","599":"z","600":"B","601":",","602":"I","603":"A","604":"A","605":"I","606":",","607":"C","608":"A","609":"A","610":"C","611":",","612":"c","613":"A","614":"A","615":"c","616":",","617":"E","618":"A","619":"A","620":"E","621":",","622":"M","623":"A","624":"A","625":"M","626":",","627":"C","628":"A","629":"A","630":"C","631":",","632":"K","633":"A","634":"A","635":"K","636":",","637":"C","638":"A","639":"A","640":"C","641":";","642":"I","643":"A","644":"C","645":"t","646":"C","647":",","648":"C","649":"A","650":"A","651":"C","652":";","653":"I","654":"A","655":"C","656":"D","657":",","658":"O","659":"A","660":"A","661":"O","662":";","663":"M","664":"A","665":"A","666":"E","667":",","668":"W","669":"A","670":"A","671":"W","672":",","673":"E","674":"A","675":"A","676":"E","677":";","678":"I","679":"A","680":"A","681":"Y","682":",","683":"C","684":"A","685":"A","686":"C","687":";","688":"E","689":"A","690":"C","691":"v","692":"C","693":"\"","694":",","695":"\"","696":"f","697":"i","698":"l","699":"e","700":"\"","701":":","702":"\"","703":"/","704":"A","705":"p","706":"p","707":"l","708":"i","709":"c","710":"a","711":"t","712":"i","713":"o","714":"n","715":"s","716":"/","717":"N","718":"a","719":"m","720":"A","721":"n","722":"h","723":"/","724":"O","725":"w","726":"n","727":"e","728":"r","729":"P","730":"r","731":"o","732":"j","733":"e","734":"c","735":"t","736":"/","737":"v","738":"u","739":"e","740":"-","741":"v","742":"i","743":"t","744":"e","745":"-","746":"a","747":"p","748":"p","749":"/","750":"s","751":"r","752":"c","753":"/","754":"c","755":"o","756":"m","757":"p","758":"o","759":"n","760":"e","761":"n","762":"t","763":"s","764":"/","765":"b","766":"a","767":"s","768":"e","769":"/","770":"I","771":"n","772":"p","773":"u","774":"t","775":"/","776":"i","777":"n","778":"d","779":"e","780":"x","781":".","782":"v","783":"u","784":"e","785":"\"","786":",","787":"\"","788":"s","789":"o","790":"u","791":"r","792":"c","793":"e","794":"s","795":"C","796":"o","797":"n","798":"t","799":"e","800":"n","801":"t","802":"\"","803":":","804":"[","805":"\"","806":"<","807":"t","808":"e","809":"m","810":"p","811":"l","812":"a","813":"t","814":"e","815":">","816":"\\","817":"n","818":" ","819":" ","820":"<","821":"i","822":"n","823":"p","824":"u","825":"t","826":" ","827":":","828":"v","829":"a","830":"l","831":"u","832":"e","833":"=","834":"\\","835":"\"","836":"v","837":"a","838":"l","839":"u","840":"e","841":"\\","842":"\"","843":" ","844":"@","845":"i","846":"n","847":"p","848":"u","849":"t","850":"=","851":"\\","852":"\"","853":"u","854":"p","855":"d","856":"a","857":"t","858":"e","859":"V","860":"a","861":"l","862":"u","863":"e","864":"(","865":"$","866":"e","867":"v","868":"e","869":"n","870":"t","871":")","872":"\\","873":"\"","874":" ","875":"/","876":">","877":"\\","878":"n","879":"<","880":"/","881":"t","882":"e","883":"m","884":"p","885":"l","886":"a","887":"t","888":"e","889":">","890":"\\","891":"n","892":"\\","893":"n","894":"<","895":"s","896":"c","897":"r","898":"i","899":"p","900":"t","901":" ","902":"l","903":"a","904":"n","905":"g","906":"=","907":"\\","908":"\"","909":"t","910":"s","911":"\\","912":"\"","913":">","914":"\\","915":"n","916":"i","917":"m","918":"p","919":"o","920":"r","921":"t","922":" ","923":"{","924":" ","925":"d","926":"e","927":"f","928":"i","929":"n","930":"e","931":"C","932":"o","933":"m","934":"p","935":"o","936":"n","937":"e","938":"n","939":"t","940":" ","941":"}","942":" ","943":"f","944":"r","945":"o","946":"m","947":" ","948":"'","949":"v","950":"u","951":"e","952":"'","953":";","954":"\\","955":"n","956":"i","957":"m","958":"p","959":"o","960":"r","961":"t","962":" ","963":"'","964":".","965":"/","966":"s","967":"t","968":"y","969":"l","970":"e","971":"s","972":".","973":"c","974":"s","975":"s","976":"'","977":";","978":"\\","979":"n","980":"\\","981":"n","982":"e","983":"x","984":"p","985":"o","986":"r","987":"t","988":" ","989":"d","990":"e","991":"f","992":"a","993":"u","994":"l","995":"t","996":" ","997":"d","998":"e","999":"f","1000":"i","1001":"n","1002":"e","1003":"C","1004":"o","1005":"m","1006":"p","1007":"o","1008":"n","1009":"e","1010":"n","1011":"t","1012":"(","1013":"{","1014":"\\","1015":"n","1016":" ","1017":" ","1018":"n","1019":"a","1020":"m","1021":"e","1022":":","1023":" ","1024":"'","1025":"I","1026":"n","1027":"p","1028":"u","1029":"t","1030":"C","1031":"o","1032":"m","1033":"p","1034":"o","1035":"n","1036":"e","1037":"n","1038":"t","1039":"'","1040":",","1041":"\\","1042":"n","1043":" ","1044":" ","1045":"p","1046":"r","1047":"o","1048":"p","1049":"s","1050":":","1051":" ","1052":"{","1053":"\\","1054":"n","1055":" ","1056":" ","1057":" ","1058":" ","1059":"v","1060":"a","1061":"l","1062":"u","1063":"e","1064":":","1065":" ","1066":"{","1067":"\\","1068":"n","1069":" ","1070":" ","1071":" ","1072":" ","1073":" ","1074":" ","1075":"t","1076":"y","1077":"p","1078":"e","1079":":","1080":" ","1081":"S","1082":"t","1083":"r","1084":"i","1085":"n","1086":"g","1087":",","1088":"\\","1089":"n","1090":" ","1091":" ","1092":" ","1093":" ","1094":" ","1095":" ","1096":"d","1097":"e","1098":"f","1099":"a","1100":"u","1101":"l","1102":"t","1103":":","1104":" ","1105":"'","1106":"'","1107":",","1108":"\\","1109":"n","1110":" ","1111":" ","1112":" ","1113":" ","1114":"}","1115":",","1116":"\\","1117":"n","1118":" ","1119":" ","1120":"}","1121":",","1122":"\\","1123":"n","1124":" ","1125":" ","1126":"e","1127":"m","1128":"i","1129":"t","1130":"s","1131":":","1132":" ","1133":"[","1134":"'","1135":"u","1136":"p","1137":"d","1138":"a","1139":"t","1140":"e","1141":":","1142":"v","1143":"a","1144":"l","1145":"u","1146":"e","1147":"'","1148":"]","1149":",","1150":"\\","1151":"n","1152":" ","1153":" ","1154":"s","1155":"e","1156":"t","1157":"u","1158":"p","1159":"(","1160":"p","1161":"r","1162":"o","1163":"p","1164":"s","1165":",","1166":" ","1167":"{","1168":" ","1169":"e","1170":"m","1171":"i","1172":"t","1173":" ","1174":"}","1175":")","1176":" ","1177":"{","1178":"\\","1179":"n","1180":" ","1181":" ","1182":" ","1183":" ","1184":"c","1185":"o","1186":"n","1187":"s","1188":"t","1189":" ","1190":"u","1191":"p","1192":"d","1193":"a","1194":"t","1195":"e","1196":"V","1197":"a","1198":"l","1199":"u","1200":"e","1201":" ","1202":"=","1203":" ","1204":"(","1205":"e","1206":"v","1207":"e","1208":"n","1209":"t","1210":":","1211":" ","1212":"E","1213":"v","1214":"e","1215":"n","1216":"t","1217":")","1218":" ","1219":"=","1220":">","1221":" ","1222":"{","1223":"\\","1224":"n","1225":" ","1226":" ","1227":" ","1228":" ","1229":" ","1230":" ","1231":"c","1232":"o","1233":"n","1234":"s","1235":"t","1236":" ","1237":"t","1238":"a","1239":"r","1240":"g","1241":"e","1242":"t","1243":" ","1244":"=","1245":" ","1246":"e","1247":"v","1248":"e","1249":"n","1250":"t","1251":".","1252":"t","1253":"a","1254":"r","1255":"g","1256":"e","1257":"t","1258":" ","1259":"a","1260":"s","1261":" ","1262":"H","1263":"T","1264":"M","1265":"L","1266":"I","1267":"n","1268":"p","1269":"u","1270":"t","1271":"E","1272":"l","1273":"e","1274":"m","1275":"e","1276":"n","1277":"t","1278":";","1279":"\\","1280":"n","1281":" ","1282":" ","1283":" ","1284":" ","1285":" ","1286":" ","1287":"e","1288":"m","1289":"i","1290":"t","1291":"(","1292":"'","1293":"u","1294":"p","1295":"d","1296":"a","1297":"t","1298":"e","1299":":","1300":"v","1301":"a","1302":"l","1303":"u","1304":"e","1305":"'","1306":",","1307":" ","1308":"t","1309":"a","1310":"r","1311":"g","1312":"e","1313":"t","1314":".","1315":"v","1316":"a","1317":"l","1318":"u","1319":"e","1320":")","1321":";","1322":"\\","1323":"n","1324":" ","1325":" ","1326":" ","1327":" ","1328":"}","1329":";","1330":"\\","1331":"n","1332":" ","1333":" ","1334":" ","1335":" ","1336":"r","1337":"e","1338":"t","1339":"u","1340":"r","1341":"n","1342":" ","1343":"{","1344":" ","1345":"u","1346":"p","1347":"d","1348":"a","1349":"t","1350":"e","1351":"V","1352":"a","1353":"l","1354":"u","1355":"e","1356":" ","1357":"}","1358":";","1359":"\\","1360":"n","1361":" ","1362":" ","1363":"}","1364":",","1365":"\\","1366":"n","1367":"}","1368":")","1369":";","1370":"\\","1371":"n","1372":"<","1373":"/","1374":"s","1375":"c","1376":"r","1377":"i","1378":"p","1379":"t","1380":">","1381":"\\","1382":"n","1383":"\"","1384":"]","1385":"}"},"_coverageSchema":"1a1c01bbd47fc00a2c39e90264f33305004495a9","hash":"33bfec7f70998bccd33c3479b830464c285fc019"}
,"/Applications/NamAnh/OwnerProject/vue-vite-app/src/utils/helpers.ts": {"path":"/Applications/NamAnh/OwnerProject/vue-vite-app/src/utils/helpers.ts","statementMap":{"0":{"start":{"line":1,"column":21},"end":{"line":3,"column":1}},"1":{"start":{"line":2,"column":2},"end":{"line":2,"column":15}},"2":{"start":{"line":1,"column":13},"end":{"line":1,"column":21}}},"fnMap":{"0":{"name":"(anonymous_0)","decl":{"start":{"line":1,"column":21},"end":{"line":1,"column":22}},"loc":{"start":{"line":1,"column":46},"end":{"line":3,"column":1}}}},"branchMap":{},"s":{"0":1,"1":1,"2":1},"f":{"0":1},"b":{}}
}
