TN:
SF:src/components/base/Input/index.vue
FN:17,(anonymous_0)
FN:19,(anonymous_1)
FN:33,render
FN:36,(anonymous_3)
FNF:4
FNH:4
FNDA:2,(anonymous_0)
FNDA:1,(anonymous_1)
FNDA:2,render
FNDA:1,(anonymous_3)
DA:3,1
DA:6,1
DA:7,1
DA:8,1
DA:18,2
DA:19,2
DA:20,1
DA:21,1
DA:23,2
DA:28,1
DA:29,1
DA:30,1
DA:31,1
DA:32,1
DA:34,2
DA:36,1
DA:39,1
LF:17
LH:17
BRDA:36,0,0,2
BRDA:36,0,1,2
BRF:2
BRH:2
end_of_record
TN:
SF:src/utils/helpers.ts
FN:1,(anonymous_0)
FNF:1
FNH:1
FNDA:1,(anonymous_0)
DA:1,1
DA:2,1
LF:2
LH:2
BRF:0
BRH:0
end_of_record
